<?xml version="1.0" encoding="UTF-8"?>
<testsuite name="com.example.demo.SpockDemoApplicationSpec" tests="1" skipped="0" failures="0" errors="0" timestamp="2018-01-18T20:33:53" hostname="Carlos-iMac.local" time="0.588">
  <properties/>
  <testcase name="ContextLoads" classname="com.example.demo.SpockDemoApplicationSpec" time="0.588"/>
  <system-out><![CDATA[2018-01-18 20:33:53.695  INFO 2592 --- [    Test worker] .b.t.c.SpringBootTestContextBootstrapper : Neither @ContextConfiguration nor @ContextHierarchy found for test class [com.example.demo.SpockDemoApplicationSpec], using SpringBootContextLoader
2018-01-18 20:33:53.695  INFO 2592 --- [    Test worker] o.s.t.c.support.AbstractContextLoader    : Could not detect default resource locations for test class [com.example.demo.SpockDemoApplicationSpec]: no resource found for suffixes {-context.xml, Context.groovy}.
2018-01-18 20:33:53.695  INFO 2592 --- [    Test worker] t.c.s.AnnotationConfigContextLoaderUtils : Could not detect default configuration classes for test class [com.example.demo.SpockDemoApplicationSpec]: SpockDemoApplicationSpec does not declare any static, non-private, non-final, nested classes annotated with @Configuration.
2018-01-18 20:33:53.698  INFO 2592 --- [    Test worker] .b.t.c.SpringBootTestContextBootstrapper : Found @SpringBootConfiguration com.example.demo.SpockDemoApplication for test class com.example.demo.SpockDemoApplicationSpec
2018-01-18 20:33:53.699  INFO 2592 --- [    Test worker] .b.t.c.SpringBootTestContextBootstrapper : Loaded default TestExecutionListener class names from location [META-INF/spring.factories]: [org.springframework.boot.test.mock.mockito.MockitoTestExecutionListener, org.springframework.boot.test.mock.mockito.ResetMocksTestExecutionListener, org.springframework.boot.test.autoconfigure.restdocs.RestDocsTestExecutionListener, org.springframework.boot.test.autoconfigure.web.client.MockRestServiceServerResetTestExecutionListener, org.springframework.boot.test.autoconfigure.web.servlet.MockMvcPrintOnlyOnFailureTestExecutionListener, org.springframework.boot.test.autoconfigure.web.servlet.WebDriverTestExecutionListener, org.springframework.test.context.web.ServletTestExecutionListener, org.springframework.test.context.support.DirtiesContextBeforeModesTestExecutionListener, org.springframework.test.context.support.DependencyInjectionTestExecutionListener, org.springframework.test.context.support.DirtiesContextTestExecutionListener, org.springframework.test.context.transaction.TransactionalTestExecutionListener, org.springframework.test.context.jdbc.SqlScriptsTestExecutionListener]
2018-01-18 20:33:53.701  INFO 2592 --- [    Test worker] .b.t.c.SpringBootTestContextBootstrapper : Could not instantiate TestExecutionListener [org.springframework.test.context.transaction.TransactionalTestExecutionListener]. Specify custom listener classes or make the default listener classes (and their required dependencies) available. Offending class: [org/springframework/transaction/interceptor/TransactionAttributeSource]
2018-01-18 20:33:53.701  INFO 2592 --- [    Test worker] .b.t.c.SpringBootTestContextBootstrapper : Could not instantiate TestExecutionListener [org.springframework.test.context.jdbc.SqlScriptsTestExecutionListener]. Specify custom listener classes or make the default listener classes (and their required dependencies) available. Offending class: [org/springframework/transaction/interceptor/TransactionAttribute]
2018-01-18 20:33:53.701  INFO 2592 --- [    Test worker] .b.t.c.SpringBootTestContextBootstrapper : Using TestExecutionListeners: [org.springframework.test.context.web.ServletTestExecutionListener@577bf9e5, org.springframework.test.context.support.DirtiesContextBeforeModesTestExecutionListener@44e4fff3, org.springframework.boot.test.autoconfigure.SpringBootDependencyInjectionTestExecutionListener@6826fc4a, org.springframework.test.context.support.DirtiesContextTestExecutionListener@4648ff6d, org.springframework.boot.test.mock.mockito.ResetMocksTestExecutionListener@4ef48290, org.springframework.boot.test.mock.mockito.MockitoTestExecutionListener@2d0ce7da, org.springframework.boot.test.autoconfigure.web.servlet.WebDriverTestExecutionListener@72978a9d, org.springframework.boot.test.autoconfigure.web.client.MockRestServiceServerResetTestExecutionListener@73a5a035, org.springframework.boot.test.autoconfigure.web.servlet.MockMvcPrintOnlyOnFailureTestExecutionListener@192f5cd3, org.springframework.boot.test.autoconfigure.restdocs.RestDocsTestExecutionListener@53574a1b]

  .   ____          _            __ _ _
 /\\ / ___'_ __ _ _(_)_ __  __ _ \ \ \ \
( ( )\___ | '_ | '_| | '_ \/ _` | \ \ \ \
 \\/  ___)| |_)| | | | | || (_| |  ) ) ) )
  '  |____| .__|_| |_|_| |_\__, | / / / /
 =========|_|==============|___/=/_/_/_/
 :: Spring Boot ::        (v1.5.9.RELEASE)

2018-01-18 20:33:53.733  INFO 2592 --- [    Test worker] c.example.demo.SpockDemoApplicationSpec  : Starting SpockDemoApplicationSpec on Carlos-iMac.local with PID 2592 (/Users/carloalex/git/spockSpringDemo/SpockDemo/build/classes/test started by carloalex in /Users/carloalex/git/spockSpringDemo/SpockDemo)
2018-01-18 20:33:53.734  INFO 2592 --- [    Test worker] c.example.demo.SpockDemoApplicationSpec  : No active profile set, falling back to default profiles: default
2018-01-18 20:33:53.735  INFO 2592 --- [    Test worker] o.s.w.c.s.GenericWebApplicationContext   : Refreshing org.springframework.web.context.support.GenericWebApplicationContext@2ad1576c: startup date [Thu Jan 18 20:33:53 GMT 2018]; root of context hierarchy
2018-01-18 20:33:54.081  INFO 2592 --- [    Test worker] s.w.s.m.m.a.RequestMappingHandlerAdapter : Looking for @ControllerAdvice: org.springframework.web.context.support.GenericWebApplicationContext@2ad1576c: startup date [Thu Jan 18 20:33:53 GMT 2018]; root of context hierarchy
2018-01-18 20:33:54.091  INFO 2592 --- [    Test worker] s.w.s.m.m.a.RequestMappingHandlerMapping : Mapped "{[/person/{personId}]}" onto public com.example.demo.dto.Person com.example.demo.controller.PersonController.getById(java.lang.String)
2018-01-18 20:33:54.092  INFO 2592 --- [    Test worker] s.w.s.m.m.a.RequestMappingHandlerMapping : Mapped "{[/error]}" onto public org.springframework.http.ResponseEntity<java.util.Map<java.lang.String, java.lang.Object>> org.springframework.boot.autoconfigure.web.BasicErrorController.error(javax.servlet.http.HttpServletRequest)
2018-01-18 20:33:54.093  INFO 2592 --- [    Test worker] s.w.s.m.m.a.RequestMappingHandlerMapping : Mapped "{[/error],produces=[text/html]}" onto public org.springframework.web.servlet.ModelAndView org.springframework.boot.autoconfigure.web.BasicErrorController.errorHtml(javax.servlet.http.HttpServletRequest,javax.servlet.http.HttpServletResponse)
2018-01-18 20:33:54.112  INFO 2592 --- [    Test worker] o.s.w.s.handler.SimpleUrlHandlerMapping  : Mapped URL path [/webjars/**] onto handler of type [class org.springframework.web.servlet.resource.ResourceHttpRequestHandler]
2018-01-18 20:33:54.112  INFO 2592 --- [    Test worker] o.s.w.s.handler.SimpleUrlHandlerMapping  : Mapped URL path [/**] onto handler of type [class org.springframework.web.servlet.resource.ResourceHttpRequestHandler]
2018-01-18 20:33:54.135  INFO 2592 --- [    Test worker] o.s.w.s.handler.SimpleUrlHandlerMapping  : Mapped URL path [/**/favicon.ico] onto handler of type [class org.springframework.web.servlet.resource.ResourceHttpRequestHandler]
2018-01-18 20:33:54.284  INFO 2592 --- [    Test worker] c.example.demo.SpockDemoApplicationSpec  : Started SpockDemoApplicationSpec in 0.577 seconds (JVM running for 3.476)
]]></system-out>
  <system-err><![CDATA[]]></system-err>
</testsuite>
