<?xml version="1.0" encoding="UTF-8"?>
<testsuite name="com.example.demo.SpockDemoApplicationTests" tests="1" skipped="0" failures="0" errors="0" timestamp="2018-01-18T20:33:54" hostname="Carlos-iMac.local" time="0.002">
  <properties/>
  <testcase name="contextLoads" classname="com.example.demo.SpockDemoApplicationTests" time="0.002"/>
  <system-out><![CDATA[2018-01-18 20:33:54.307  INFO 2592 --- [    Test worker] .b.t.c.SpringBootTestContextBootstrapper : Neither @ContextConfiguration nor @ContextHierarchy found for test class [com.example.demo.SpockDemoApplicationTests], using SpringBootContextLoader
2018-01-18 20:33:54.308  INFO 2592 --- [    Test worker] o.s.t.c.support.AbstractContextLoader    : Could not detect default resource locations for test class [com.example.demo.SpockDemoApplicationTests]: no resource found for suffixes {-context.xml, Context.groovy}.
2018-01-18 20:33:54.309  INFO 2592 --- [    Test worker] t.c.s.AnnotationConfigContextLoaderUtils : Could not detect default configuration classes for test class [com.example.demo.SpockDemoApplicationTests]: SpockDemoApplicationTests does not declare any static, non-private, non-final, nested classes annotated with @Configuration.
2018-01-18 20:33:54.312  INFO 2592 --- [    Test worker] .b.t.c.SpringBootTestContextBootstrapper : Found @SpringBootConfiguration com.example.demo.SpockDemoApplication for test class com.example.demo.SpockDemoApplicationTests
2018-01-18 20:33:54.316  INFO 2592 --- [    Test worker] .b.t.c.SpringBootTestContextBootstrapper : Loaded default TestExecutionListener class names from location [META-INF/spring.factories]: [org.springframework.boot.test.mock.mockito.MockitoTestExecutionListener, org.springframework.boot.test.mock.mockito.ResetMocksTestExecutionListener, org.springframework.boot.test.autoconfigure.restdocs.RestDocsTestExecutionListener, org.springframework.boot.test.autoconfigure.web.client.MockRestServiceServerResetTestExecutionListener, org.springframework.boot.test.autoconfigure.web.servlet.MockMvcPrintOnlyOnFailureTestExecutionListener, org.springframework.boot.test.autoconfigure.web.servlet.WebDriverTestExecutionListener, org.springframework.test.context.web.ServletTestExecutionListener, org.springframework.test.context.support.DirtiesContextBeforeModesTestExecutionListener, org.springframework.test.context.support.DependencyInjectionTestExecutionListener, org.springframework.test.context.support.DirtiesContextTestExecutionListener, org.springframework.test.context.transaction.TransactionalTestExecutionListener, org.springframework.test.context.jdbc.SqlScriptsTestExecutionListener]
2018-01-18 20:33:54.317  INFO 2592 --- [    Test worker] .b.t.c.SpringBootTestContextBootstrapper : Could not instantiate TestExecutionListener [org.springframework.test.context.transaction.TransactionalTestExecutionListener]. Specify custom listener classes or make the default listener classes (and their required dependencies) available. Offending class: [org/springframework/transaction/interceptor/TransactionAttributeSource]
2018-01-18 20:33:54.318  INFO 2592 --- [    Test worker] .b.t.c.SpringBootTestContextBootstrapper : Could not instantiate TestExecutionListener [org.springframework.test.context.jdbc.SqlScriptsTestExecutionListener]. Specify custom listener classes or make the default listener classes (and their required dependencies) available. Offending class: [org/springframework/transaction/interceptor/TransactionAttribute]
2018-01-18 20:33:54.318  INFO 2592 --- [    Test worker] .b.t.c.SpringBootTestContextBootstrapper : Using TestExecutionListeners: [org.springframework.test.context.web.ServletTestExecutionListener@2f744bff, org.springframework.test.context.support.DirtiesContextBeforeModesTestExecutionListener@5f0a8c3, org.springframework.boot.test.autoconfigure.SpringBootDependencyInjectionTestExecutionListener@4f0d69b8, org.springframework.test.context.support.DirtiesContextTestExecutionListener@5eef3562, org.springframework.boot.test.mock.mockito.ResetMocksTestExecutionListener@53c9a6f3, org.springframework.boot.test.mock.mockito.MockitoTestExecutionListener@53ffaaf9, org.springframework.boot.test.autoconfigure.web.servlet.WebDriverTestExecutionListener@771b5997, org.springframework.boot.test.autoconfigure.web.client.MockRestServiceServerResetTestExecutionListener@50783633, org.springframework.boot.test.autoconfigure.web.servlet.MockMvcPrintOnlyOnFailureTestExecutionListener@4e98fcf1, org.springframework.boot.test.autoconfigure.restdocs.RestDocsTestExecutionListener@601e3fb9]
]]></system-out>
  <system-err><![CDATA[]]></system-err>
</testsuite>
